2020-06-28 21:20:51,027 INFO c.i.M.s.a.CheckingAccService [main] CREDIT TRANSACTION CHECKING ACCOUNT. USER ORDER-ID : null
2020-06-28 21:21:01,122 INFO c.i.M.s.a.CheckingAccService [main] DEBIT TRANSACTION CHECKING ACCOUNT. USER ORDER-ID : null
2020-06-28 21:21:02,496 INFO c.i.M.s.a.CheckingAccService [main] CREDIT TRANSACTION CHECKING ACCOUNT. USER ORDER-ID : null
2020-06-28 21:21:06,799 INFO c.i.M.s.a.StudentCheckingAccService [main] CREDIT TRANSACTION STUDENT-CHECKING ACCOUNT. USER ORDER-ID : null
2020-06-28 21:21:10,842 INFO c.i.M.s.a.StudentCheckingAccService [main] DEBIT TRANSACTION STUDENT-CHECKING ACCOUNT. USER ORDER-ID : null
2020-06-28 21:21:22,217 INFO c.i.M.s.a.SavingsAccService [main] CREDIT TRANSACTION SAVINGS ACCOUNT. USER ORDER-ID : 1
2020-06-28 21:21:31,689 INFO c.i.M.s.a.SavingsAccService [main] DEBIT TRANSACTION SAVINGS ACCOUNT. USER ORDER-ID : 1
2020-06-28 21:21:59,779 INFO c.i.M.s.u.AccountHolderService [main] TRANSFERENCE TRANSACTION. USER ORDER-ID : 1
2020-06-28 21:22:07,667 INFO c.i.M.s.u.AccountHolderService [main] TRANSFERENCE TRANSACTION. USER ORDER-ID : 1
2020-06-28 21:22:26,530 INFO c.i.M.s.a.StudentCheckingAccService [main] CREDIT TRANSACTION STUDENT-CHECKING ACCOUNT. USER ORDER-ID : 75
2020-06-28 21:22:36,509 INFO c.i.M.s.a.StudentCheckingAccService [main] DEBIT TRANSACTION STUDENT-CHECKING ACCOUNT. USER ORDER-ID : 135
2020-06-28 21:22:50,535 INFO c.i.M.s.a.CreditCardAccService [main] DEBIT TRANSACTION CREDIT-CARD ACCOUNT. USER ORDER-ID : 21
2020-06-28 21:22:57,317 INFO c.i.M.s.a.CreditCardAccService [main] CREDIT TRANSACTION CREDIT-CARD ACCOUNT. USER ORDER-ID : 61
2020-06-28 21:23:16,088 INFO c.i.M.s.u.AccountHolderService [main] TRANSFERENCE TRANSACTION. USER ORDER-ID : 11
2020-06-28 21:23:17,989 INFO c.i.M.s.u.AccountHolderService [main] TRANSFERENCE TRANSACTION. USER ORDER-ID : 22
2020-06-28 21:23:23,753 INFO c.i.M.s.u.AccountHolderService [main] TRANSFERENCE TRANSACTION. USER ORDER-ID : 57
2020-06-28 21:23:25,554 INFO c.i.M.s.u.AccountHolderService [main] TRANSFERENCE TRANSACTION. USER ORDER-ID : 67
2020-06-28 21:23:30,811 INFO c.i.M.s.u.AccountHolderService [main] TRANSFERENCE TRANSACTION. USER ORDER-ID : 97
2020-06-28 21:23:33,283 INFO c.i.M.s.u.AccountHolderService [main] TRANSFERENCE TRANSACTION. USER ORDER-ID : 112
2020-06-28 21:23:35,009 INFO c.i.M.s.u.AccountHolderService [main] TRANSFERENCE TRANSACTION. USER ORDER-ID : 122
2020-06-28 21:23:35,930 INFO c.i.M.s.u.AccountHolderService [main] TRANSFERENCE TRANSACTION. USER ORDER-ID : 127
2020-06-28 21:23:43,940 INFO c.i.M.s.a.StudentCheckingAccService [main] CREDIT TRANSACTION STUDENT-CHECKING ACCOUNT. USER ORDER-ID : 1
2020-06-28 21:23:52,610 INFO c.i.M.s.a.StudentCheckingAccService [main] DEBIT TRANSACTION STUDENT-CHECKING ACCOUNT. USER ORDER-ID : 1
2020-06-28 21:24:00,715 INFO c.i.M.s.a.SavingsAccService [main] CREDIT TRANSACTION SAVINGS ACCOUNT. USER ORDER-ID : 11
2020-06-28 21:24:11,406 INFO c.i.M.s.a.SavingsAccService [main] DEBIT TRANSACTION SAVINGS ACCOUNT. USER ORDER-ID : 76
2020-06-28 21:24:14,045 INFO c.i.M.s.a.CreditCardAccService [main] CREDIT TRANSACTION CREDIT-CARD ACCOUNT. USER ORDER-ID : null
2020-06-28 21:24:17,929 INFO c.i.M.s.a.CreditCardAccService [main] DEBIT TRANSACTION CREDIT-CARD ACCOUNT. USER ORDER-ID : null
2020-06-28 21:24:29,615 INFO c.i.M.s.a.CheckingAccService [main] CREDIT TRANSACTION CHECKING ACCOUNT. USER ORDER-ID : 1
2020-06-28 21:24:41,660 INFO c.i.M.s.a.CheckingAccService [main] DEBIT TRANSACTION CHECKING ACCOUNT. USER ORDER-ID : 1
2020-06-28 21:24:55,150 INFO c.i.M.s.a.CheckingAccService [main] CREDIT TRANSACTION CHECKING ACCOUNT. USER ORDER-ID : 31
2020-06-28 21:25:07,276 INFO c.i.M.s.a.CheckingAccService [main] DEBIT TRANSACTION CHECKING ACCOUNT. USER ORDER-ID : 102
2020-06-28 21:25:10,037 INFO c.i.M.s.a.SavingsAccService [main] CREDIT TRANSACTION SAVINGS ACCOUNT. USER ORDER-ID : null
2020-06-28 21:25:14,816 INFO c.i.M.s.a.SavingsAccService [main] DEBIT TRANSACTION SAVINGS ACCOUNT. USER ORDER-ID : null
2020-06-28 21:25:15,954 INFO c.i.M.s.u.AccountHolderService [main] TRANSFERENCE TRANSACTION. USER ORDER-ID : 147
2020-06-28 21:25:18,396 INFO c.i.M.s.u.AccountHolderService [main] TRANSFERENCE TRANSACTION. USER ORDER-ID : 158
2020-06-28 21:27:21,259 INFO c.i.M.s.a.CheckingAccService [main] CREDIT TRANSACTION CHECKING ACCOUNT. USER ORDER-ID : null
2020-06-28 21:27:45,160 INFO c.i.M.s.a.CheckingAccService [main] DEBIT TRANSACTION CHECKING ACCOUNT. USER ORDER-ID : null
2020-06-28 21:27:48,411 INFO c.i.M.s.a.CheckingAccService [main] CREDIT TRANSACTION CHECKING ACCOUNT. USER ORDER-ID : null
2020-06-28 21:27:57,196 INFO c.i.M.s.a.StudentCheckingAccService [main] CREDIT TRANSACTION STUDENT-CHECKING ACCOUNT. USER ORDER-ID : null
2020-06-28 21:28:01,249 INFO c.i.M.s.a.StudentCheckingAccService [main] DEBIT TRANSACTION STUDENT-CHECKING ACCOUNT. USER ORDER-ID : null
2020-06-28 21:28:16,544 INFO c.i.M.s.a.SavingsAccService [main] CREDIT TRANSACTION SAVINGS ACCOUNT. USER ORDER-ID : 1
2020-06-28 21:28:37,521 INFO c.i.M.s.a.SavingsAccService [main] DEBIT TRANSACTION SAVINGS ACCOUNT. USER ORDER-ID : 1
2020-06-28 21:29:02,863 INFO c.i.M.s.u.AccountHolderService [main] TRANSFERENCE TRANSACTION. USER ORDER-ID : 1
2020-06-28 21:29:10,008 INFO c.i.M.s.u.AccountHolderService [main] TRANSFERENCE TRANSACTION. USER ORDER-ID : 1
2020-06-28 21:29:28,404 INFO c.i.M.s.a.StudentCheckingAccService [main] CREDIT TRANSACTION STUDENT-CHECKING ACCOUNT. USER ORDER-ID : 75
2020-06-28 21:29:38,387 INFO c.i.M.s.a.StudentCheckingAccService [main] DEBIT TRANSACTION STUDENT-CHECKING ACCOUNT. USER ORDER-ID : 135
2020-06-28 21:29:52,459 INFO c.i.M.s.a.CreditCardAccService [main] DEBIT TRANSACTION CREDIT-CARD ACCOUNT. USER ORDER-ID : 21
2020-06-28 21:29:59,085 INFO c.i.M.s.a.CreditCardAccService [main] CREDIT TRANSACTION CREDIT-CARD ACCOUNT. USER ORDER-ID : 61
2020-06-28 21:30:17,243 INFO c.i.M.s.u.AccountHolderService [main] TRANSFERENCE TRANSACTION. USER ORDER-ID : 11
2020-06-28 21:30:19,247 INFO c.i.M.s.u.AccountHolderService [main] TRANSFERENCE TRANSACTION. USER ORDER-ID : 22
2020-06-28 21:30:25,021 INFO c.i.M.s.u.AccountHolderService [main] TRANSFERENCE TRANSACTION. USER ORDER-ID : 57
2020-06-28 21:30:26,743 INFO c.i.M.s.u.AccountHolderService [main] TRANSFERENCE TRANSACTION. USER ORDER-ID : 67
2020-06-28 21:30:31,966 INFO c.i.M.s.u.AccountHolderService [main] TRANSFERENCE TRANSACTION. USER ORDER-ID : 97
2020-06-28 21:30:34,621 INFO c.i.M.s.u.AccountHolderService [main] TRANSFERENCE TRANSACTION. USER ORDER-ID : 112
2020-06-28 21:30:36,312 INFO c.i.M.s.u.AccountHolderService [main] TRANSFERENCE TRANSACTION. USER ORDER-ID : 122
2020-06-28 21:30:37,208 INFO c.i.M.s.u.AccountHolderService [main] TRANSFERENCE TRANSACTION. USER ORDER-ID : 127
2020-06-28 21:30:45,345 INFO c.i.M.s.a.StudentCheckingAccService [main] CREDIT TRANSACTION STUDENT-CHECKING ACCOUNT. USER ORDER-ID : 1
2020-06-28 21:30:54,206 INFO c.i.M.s.a.StudentCheckingAccService [main] DEBIT TRANSACTION STUDENT-CHECKING ACCOUNT. USER ORDER-ID : 1
2020-06-28 21:31:02,142 INFO c.i.M.s.a.SavingsAccService [main] CREDIT TRANSACTION SAVINGS ACCOUNT. USER ORDER-ID : 11
2020-06-28 21:31:13,466 INFO c.i.M.s.a.SavingsAccService [main] DEBIT TRANSACTION SAVINGS ACCOUNT. USER ORDER-ID : 76
2020-06-28 21:31:16,087 INFO c.i.M.s.a.CreditCardAccService [main] CREDIT TRANSACTION CREDIT-CARD ACCOUNT. USER ORDER-ID : null
2020-06-28 21:31:19,950 INFO c.i.M.s.a.CreditCardAccService [main] DEBIT TRANSACTION CREDIT-CARD ACCOUNT. USER ORDER-ID : null
2020-06-28 21:31:32,009 INFO c.i.M.s.a.CheckingAccService [main] CREDIT TRANSACTION CHECKING ACCOUNT. USER ORDER-ID : 1
2020-06-28 21:31:43,924 INFO c.i.M.s.a.CheckingAccService [main] DEBIT TRANSACTION CHECKING ACCOUNT. USER ORDER-ID : 1
2020-06-28 21:31:54,158 INFO c.i.M.s.a.CheckingAccService [main] CREDIT TRANSACTION CHECKING ACCOUNT. USER ORDER-ID : 31
2020-06-28 21:32:06,483 INFO c.i.M.s.a.CheckingAccService [main] DEBIT TRANSACTION CHECKING ACCOUNT. USER ORDER-ID : 102
2020-06-28 21:32:09,172 INFO c.i.M.s.a.SavingsAccService [main] CREDIT TRANSACTION SAVINGS ACCOUNT. USER ORDER-ID : null
2020-06-28 21:32:14,123 INFO c.i.M.s.a.SavingsAccService [main] DEBIT TRANSACTION SAVINGS ACCOUNT. USER ORDER-ID : null
2020-06-28 21:32:15,314 INFO c.i.M.s.u.AccountHolderService [main] TRANSFERENCE TRANSACTION. USER ORDER-ID : 147
2020-06-28 21:32:17,871 INFO c.i.M.s.u.AccountHolderService [main] TRANSFERENCE TRANSACTION. USER ORDER-ID : 158
2020-06-28 21:34:28,986 INFO c.i.M.s.a.CheckingAccService [main] CREDIT TRANSACTION CHECKING ACCOUNT. USER ORDER-ID : null
2020-06-28 21:34:38,094 INFO c.i.M.s.a.CheckingAccService [main] DEBIT TRANSACTION CHECKING ACCOUNT. USER ORDER-ID : null
2020-06-28 21:34:39,351 INFO c.i.M.s.a.CheckingAccService [main] CREDIT TRANSACTION CHECKING ACCOUNT. USER ORDER-ID : null
2020-06-28 21:34:43,387 INFO c.i.M.s.a.StudentCheckingAccService [main] CREDIT TRANSACTION STUDENT-CHECKING ACCOUNT. USER ORDER-ID : null
2020-06-28 21:34:47,167 INFO c.i.M.s.a.StudentCheckingAccService [main] DEBIT TRANSACTION STUDENT-CHECKING ACCOUNT. USER ORDER-ID : null
2020-06-28 21:34:57,231 INFO c.i.M.s.a.SavingsAccService [main] CREDIT TRANSACTION SAVINGS ACCOUNT. USER ORDER-ID : 1
2020-06-28 21:35:06,294 INFO c.i.M.s.a.SavingsAccService [main] DEBIT TRANSACTION SAVINGS ACCOUNT. USER ORDER-ID : 1
2020-06-28 21:35:32,435 INFO c.i.M.s.u.AccountHolderService [main] TRANSFERENCE TRANSACTION. USER ORDER-ID : 1
2020-06-28 21:35:39,604 INFO c.i.M.s.u.AccountHolderService [main] TRANSFERENCE TRANSACTION. USER ORDER-ID : 1
2020-06-28 21:35:58,206 INFO c.i.M.s.a.StudentCheckingAccService [main] CREDIT TRANSACTION STUDENT-CHECKING ACCOUNT. USER ORDER-ID : 75
2020-06-28 21:36:08,832 INFO c.i.M.s.a.StudentCheckingAccService [main] DEBIT TRANSACTION STUDENT-CHECKING ACCOUNT. USER ORDER-ID : 135
2020-06-28 21:36:22,651 INFO c.i.M.s.a.CreditCardAccService [main] DEBIT TRANSACTION CREDIT-CARD ACCOUNT. USER ORDER-ID : 21
2020-06-28 21:36:29,232 INFO c.i.M.s.a.CreditCardAccService [main] CREDIT TRANSACTION CREDIT-CARD ACCOUNT. USER ORDER-ID : 61
2020-06-28 21:36:47,129 INFO c.i.M.s.u.AccountHolderService [main] TRANSFERENCE TRANSACTION. USER ORDER-ID : 11
2020-06-28 21:36:49,045 INFO c.i.M.s.u.AccountHolderService [main] TRANSFERENCE TRANSACTION. USER ORDER-ID : 22
2020-06-28 21:36:54,741 INFO c.i.M.s.u.AccountHolderService [main] TRANSFERENCE TRANSACTION. USER ORDER-ID : 57
2020-06-28 21:36:56,403 INFO c.i.M.s.u.AccountHolderService [main] TRANSFERENCE TRANSACTION. USER ORDER-ID : 67
2020-06-28 21:37:01,405 INFO c.i.M.s.u.AccountHolderService [main] TRANSFERENCE TRANSACTION. USER ORDER-ID : 97
2020-06-28 21:37:03,922 INFO c.i.M.s.u.AccountHolderService [main] TRANSFERENCE TRANSACTION. USER ORDER-ID : 112
2020-06-28 21:37:05,578 INFO c.i.M.s.u.AccountHolderService [main] TRANSFERENCE TRANSACTION. USER ORDER-ID : 122
2020-06-28 21:37:06,532 INFO c.i.M.s.u.AccountHolderService [main] TRANSFERENCE TRANSACTION. USER ORDER-ID : 127
2020-06-28 21:37:14,378 INFO c.i.M.s.a.StudentCheckingAccService [main] CREDIT TRANSACTION STUDENT-CHECKING ACCOUNT. USER ORDER-ID : 1
2020-06-28 21:37:22,821 INFO c.i.M.s.a.StudentCheckingAccService [main] DEBIT TRANSACTION STUDENT-CHECKING ACCOUNT. USER ORDER-ID : 1
2020-06-28 21:37:30,459 INFO c.i.M.s.a.SavingsAccService [main] CREDIT TRANSACTION SAVINGS ACCOUNT. USER ORDER-ID : 11
2020-06-28 21:37:40,922 INFO c.i.M.s.a.SavingsAccService [main] DEBIT TRANSACTION SAVINGS ACCOUNT. USER ORDER-ID : 76
2020-06-28 21:37:43,477 INFO c.i.M.s.a.CreditCardAccService [main] CREDIT TRANSACTION CREDIT-CARD ACCOUNT. USER ORDER-ID : null
2020-06-28 21:37:47,158 INFO c.i.M.s.a.CreditCardAccService [main] DEBIT TRANSACTION CREDIT-CARD ACCOUNT. USER ORDER-ID : null
2020-06-28 21:37:58,519 INFO c.i.M.s.a.CheckingAccService [main] CREDIT TRANSACTION CHECKING ACCOUNT. USER ORDER-ID : 1
2020-06-28 21:38:10,175 INFO c.i.M.s.a.CheckingAccService [main] DEBIT TRANSACTION CHECKING ACCOUNT. USER ORDER-ID : 1
2020-06-28 21:38:20,062 INFO c.i.M.s.a.CheckingAccService [main] CREDIT TRANSACTION CHECKING ACCOUNT. USER ORDER-ID : 31
2020-06-28 21:38:31,486 INFO c.i.M.s.a.CheckingAccService [main] DEBIT TRANSACTION CHECKING ACCOUNT. USER ORDER-ID : 102
2020-06-28 21:38:33,966 INFO c.i.M.s.a.SavingsAccService [main] CREDIT TRANSACTION SAVINGS ACCOUNT. USER ORDER-ID : null
2020-06-28 21:38:38,691 INFO c.i.M.s.a.SavingsAccService [main] DEBIT TRANSACTION SAVINGS ACCOUNT. USER ORDER-ID : null
2020-06-28 21:38:41,384 INFO c.i.M.s.u.AccountHolderService [main] TRANSFERENCE TRANSACTION. USER ORDER-ID : 147
2020-06-28 21:38:43,730 INFO c.i.M.s.u.AccountHolderService [main] TRANSFERENCE TRANSACTION. USER ORDER-ID : 158
2020-06-28 21:55:43,916 INFO c.i.M.s.a.CreditCardAccService [main] DEBIT TRANSACTION CREDIT-CARD ACCOUNT. USER ORDER-ID : 1
2020-06-28 21:55:47,224 INFO c.i.M.s.a.CreditCardAccService [main] CREDIT TRANSACTION CREDIT-CARD ACCOUNT. USER ORDER-ID : 1
2020-06-28 22:05:08,762 INFO c.i.M.s.a.CheckingAccService [main] CREDIT TRANSACTION CHECKING ACCOUNT. USER ORDER-ID : null
2020-06-28 22:05:28,844 INFO c.i.M.s.a.CheckingAccService [main] DEBIT TRANSACTION CHECKING ACCOUNT. USER ORDER-ID : null
2020-06-28 22:05:31,524 INFO c.i.M.s.a.CheckingAccService [main] CREDIT TRANSACTION CHECKING ACCOUNT. USER ORDER-ID : null
2020-06-28 22:05:40,380 INFO c.i.M.s.a.StudentCheckingAccService [main] CREDIT TRANSACTION STUDENT-CHECKING ACCOUNT. USER ORDER-ID : null
2020-06-28 22:05:48,415 INFO c.i.M.s.a.StudentCheckingAccService [main] DEBIT TRANSACTION STUDENT-CHECKING ACCOUNT. USER ORDER-ID : null
2020-06-28 22:06:05,695 INFO c.i.M.s.a.SavingsAccService [main] CREDIT TRANSACTION SAVINGS ACCOUNT. USER ORDER-ID : 1
2020-06-28 22:06:25,243 INFO c.i.M.s.a.SavingsAccService [main] DEBIT TRANSACTION SAVINGS ACCOUNT. USER ORDER-ID : 1
2020-06-28 22:07:10,976 INFO c.i.M.s.u.AccountHolderService [main] TRANSFERENCE TRANSACTION. USER ORDER-ID : 1
2020-06-28 22:07:27,395 INFO c.i.M.s.u.AccountHolderService [main] TRANSFERENCE TRANSACTION. USER ORDER-ID : 1
2020-06-28 22:08:04,618 INFO c.i.M.s.a.StudentCheckingAccService [main] CREDIT TRANSACTION STUDENT-CHECKING ACCOUNT. USER ORDER-ID : 75
2020-06-28 22:08:23,179 INFO c.i.M.s.a.StudentCheckingAccService [main] DEBIT TRANSACTION STUDENT-CHECKING ACCOUNT. USER ORDER-ID : 135
2020-06-28 22:08:47,693 INFO c.i.M.s.a.CreditCardAccService [main] DEBIT TRANSACTION CREDIT-CARD ACCOUNT. USER ORDER-ID : 21
2020-06-28 22:09:00,379 INFO c.i.M.s.a.CreditCardAccService [main] CREDIT TRANSACTION CREDIT-CARD ACCOUNT. USER ORDER-ID : 61
2020-06-28 22:09:24,775 INFO c.i.M.s.u.AccountHolderService [main] TRANSFERENCE TRANSACTION. USER ORDER-ID : 11
2020-06-28 22:09:26,398 INFO c.i.M.s.u.AccountHolderService [main] TRANSFERENCE TRANSACTION. USER ORDER-ID : 22
2020-06-28 22:09:31,114 INFO c.i.M.s.u.AccountHolderService [main] TRANSFERENCE TRANSACTION. USER ORDER-ID : 57
2020-06-28 22:09:32,564 INFO c.i.M.s.u.AccountHolderService [main] TRANSFERENCE TRANSACTION. USER ORDER-ID : 67
2020-06-28 22:09:39,583 INFO c.i.M.s.u.AccountHolderService [main] TRANSFERENCE TRANSACTION. USER ORDER-ID : 97
2020-06-28 22:09:44,649 INFO c.i.M.s.u.AccountHolderService [main] TRANSFERENCE TRANSACTION. USER ORDER-ID : 112
2020-06-28 22:09:48,110 INFO c.i.M.s.u.AccountHolderService [main] TRANSFERENCE TRANSACTION. USER ORDER-ID : 122
2020-06-28 22:09:49,883 INFO c.i.M.s.u.AccountHolderService [main] TRANSFERENCE TRANSACTION. USER ORDER-ID : 127
2020-06-28 22:10:04,489 INFO c.i.M.s.a.StudentCheckingAccService [main] CREDIT TRANSACTION STUDENT-CHECKING ACCOUNT. USER ORDER-ID : 1
2020-06-28 22:10:23,260 INFO c.i.M.s.a.StudentCheckingAccService [main] DEBIT TRANSACTION STUDENT-CHECKING ACCOUNT. USER ORDER-ID : 1
2020-06-28 22:10:37,175 INFO c.i.M.s.a.SavingsAccService [main] CREDIT TRANSACTION SAVINGS ACCOUNT. USER ORDER-ID : 11
2020-06-28 22:10:59,346 INFO c.i.M.s.a.SavingsAccService [main] DEBIT TRANSACTION SAVINGS ACCOUNT. USER ORDER-ID : 76
2020-06-28 22:11:04,611 INFO c.i.M.s.a.CreditCardAccService [main] CREDIT TRANSACTION CREDIT-CARD ACCOUNT. USER ORDER-ID : null
2020-06-28 22:11:12,473 INFO c.i.M.s.a.CreditCardAccService [main] DEBIT TRANSACTION CREDIT-CARD ACCOUNT. USER ORDER-ID : null
2020-06-28 22:11:32,733 INFO c.i.M.s.a.CheckingAccService [main] CREDIT TRANSACTION CHECKING ACCOUNT. USER ORDER-ID : 1
2020-06-28 22:11:58,562 INFO c.i.M.s.a.CheckingAccService [main] DEBIT TRANSACTION CHECKING ACCOUNT. USER ORDER-ID : 1
2020-06-28 22:12:15,289 INFO c.i.M.s.a.CheckingAccService [main] CREDIT TRANSACTION CHECKING ACCOUNT. USER ORDER-ID : 31
2020-06-28 22:12:28,467 INFO c.i.M.s.a.CheckingAccService [main] DEBIT TRANSACTION CHECKING ACCOUNT. USER ORDER-ID : 102
2020-06-28 22:12:33,509 INFO c.i.M.s.a.SavingsAccService [main] CREDIT TRANSACTION SAVINGS ACCOUNT. USER ORDER-ID : null
2020-06-28 22:12:43,028 INFO c.i.M.s.a.SavingsAccService [main] DEBIT TRANSACTION SAVINGS ACCOUNT. USER ORDER-ID : null
2020-06-28 22:13:03,958 INFO c.i.M.s.u.AccountHolderService [main] TRANSFERENCE TRANSACTION. USER ORDER-ID : 147
2020-06-28 22:13:05,886 INFO c.i.M.s.u.AccountHolderService [main] TRANSFERENCE TRANSACTION. USER ORDER-ID : 158
2020-06-28 22:18:12,635 INFO c.i.M.s.a.CheckingAccService [main] CREDIT TRANSACTION CHECKING ACCOUNT. USER ORDER-ID : null
2020-06-28 22:18:20,662 INFO c.i.M.s.a.CheckingAccService [main] DEBIT TRANSACTION CHECKING ACCOUNT. USER ORDER-ID : null
2020-06-28 22:18:21,801 INFO c.i.M.s.a.CheckingAccService [main] CREDIT TRANSACTION CHECKING ACCOUNT. USER ORDER-ID : null
2020-06-28 22:18:25,399 INFO c.i.M.s.a.StudentCheckingAccService [main] CREDIT TRANSACTION STUDENT-CHECKING ACCOUNT. USER ORDER-ID : null
2020-06-28 22:18:29,199 INFO c.i.M.s.a.StudentCheckingAccService [main] DEBIT TRANSACTION STUDENT-CHECKING ACCOUNT. USER ORDER-ID : null
2020-06-28 22:18:44,374 INFO c.i.M.s.a.SavingsAccService [main] CREDIT TRANSACTION SAVINGS ACCOUNT. USER ORDER-ID : 1
2020-06-28 22:19:00,768 INFO c.i.M.s.a.SavingsAccService [main] DEBIT TRANSACTION SAVINGS ACCOUNT. USER ORDER-ID : 1
2020-06-28 22:19:47,303 INFO c.i.M.s.u.AccountHolderService [main] TRANSFERENCE TRANSACTION. USER ORDER-ID : 1
2020-06-28 22:20:03,966 INFO c.i.M.s.u.AccountHolderService [main] TRANSFERENCE TRANSACTION. USER ORDER-ID : 1
2020-06-28 22:20:44,408 INFO c.i.M.s.a.StudentCheckingAccService [main] CREDIT TRANSACTION STUDENT-CHECKING ACCOUNT. USER ORDER-ID : 75
2020-06-28 22:20:52,786 INFO c.i.M.s.a.StudentCheckingAccService [main] DEBIT TRANSACTION STUDENT-CHECKING ACCOUNT. USER ORDER-ID : 135
2020-06-28 22:21:04,352 INFO c.i.M.s.a.CreditCardAccService [main] DEBIT TRANSACTION CREDIT-CARD ACCOUNT. USER ORDER-ID : 21
2020-06-28 22:21:10,077 INFO c.i.M.s.a.CreditCardAccService [main] CREDIT TRANSACTION CREDIT-CARD ACCOUNT. USER ORDER-ID : 61
2020-06-28 22:21:25,866 INFO c.i.M.s.u.AccountHolderService [main] TRANSFERENCE TRANSACTION. USER ORDER-ID : 11
2020-06-28 22:21:27,519 INFO c.i.M.s.u.AccountHolderService [main] TRANSFERENCE TRANSACTION. USER ORDER-ID : 22
2020-06-28 22:21:32,635 INFO c.i.M.s.u.AccountHolderService [main] TRANSFERENCE TRANSACTION. USER ORDER-ID : 57
2020-06-28 22:21:34,157 INFO c.i.M.s.u.AccountHolderService [main] TRANSFERENCE TRANSACTION. USER ORDER-ID : 67
2020-06-28 22:21:38,797 INFO c.i.M.s.u.AccountHolderService [main] TRANSFERENCE TRANSACTION. USER ORDER-ID : 97
2020-06-28 22:21:40,956 INFO c.i.M.s.u.AccountHolderService [main] TRANSFERENCE TRANSACTION. USER ORDER-ID : 112
2020-06-28 22:21:42,459 INFO c.i.M.s.u.AccountHolderService [main] TRANSFERENCE TRANSACTION. USER ORDER-ID : 122
2020-06-28 22:21:43,281 INFO c.i.M.s.u.AccountHolderService [main] TRANSFERENCE TRANSACTION. USER ORDER-ID : 127
2020-06-28 22:21:50,619 INFO c.i.M.s.a.StudentCheckingAccService [main] CREDIT TRANSACTION STUDENT-CHECKING ACCOUNT. USER ORDER-ID : 1
2020-06-28 22:21:58,085 INFO c.i.M.s.a.StudentCheckingAccService [main] DEBIT TRANSACTION STUDENT-CHECKING ACCOUNT. USER ORDER-ID : 1
2020-06-28 22:22:05,266 INFO c.i.M.s.a.SavingsAccService [main] CREDIT TRANSACTION SAVINGS ACCOUNT. USER ORDER-ID : 11
2020-06-28 22:22:14,812 INFO c.i.M.s.a.SavingsAccService [main] DEBIT TRANSACTION SAVINGS ACCOUNT. USER ORDER-ID : 76
2020-06-28 22:22:17,172 INFO c.i.M.s.a.CreditCardAccService [main] CREDIT TRANSACTION CREDIT-CARD ACCOUNT. USER ORDER-ID : null
2020-06-28 22:22:20,581 INFO c.i.M.s.a.CreditCardAccService [main] DEBIT TRANSACTION CREDIT-CARD ACCOUNT. USER ORDER-ID : null
2020-06-28 22:22:31,445 INFO c.i.M.s.a.CheckingAccService [main] CREDIT TRANSACTION CHECKING ACCOUNT. USER ORDER-ID : 1
2020-06-28 22:22:41,842 INFO c.i.M.s.a.CheckingAccService [main] DEBIT TRANSACTION CHECKING ACCOUNT. USER ORDER-ID : 1
2020-06-28 22:22:50,713 INFO c.i.M.s.a.CheckingAccService [main] CREDIT TRANSACTION CHECKING ACCOUNT. USER ORDER-ID : 31
2020-06-28 22:23:01,771 INFO c.i.M.s.a.CheckingAccService [main] DEBIT TRANSACTION CHECKING ACCOUNT. USER ORDER-ID : 102
2020-06-28 22:23:04,119 INFO c.i.M.s.a.SavingsAccService [main] CREDIT TRANSACTION SAVINGS ACCOUNT. USER ORDER-ID : null
2020-06-28 22:23:08,347 INFO c.i.M.s.a.SavingsAccService [main] DEBIT TRANSACTION SAVINGS ACCOUNT. USER ORDER-ID : null
2020-06-28 22:23:09,298 INFO c.i.M.s.u.AccountHolderService [main] TRANSFERENCE TRANSACTION. USER ORDER-ID : 147
2020-06-28 22:23:11,467 INFO c.i.M.s.u.AccountHolderService [main] TRANSFERENCE TRANSACTION. USER ORDER-ID : 158
